app/build/outputs/logs/manifest-merger-debug-report.txt
-- Merging decision tree log ---
manifest
ADDED from src\main\AndroidManifest.xml:2:1-675:12
	package
		ADDED from src\main\AndroidManifest.xml:3:5-43
		INJECTED from src\main\AndroidManifest.xml
		INJECTED from src\main\AndroidManifest.xml
	android:versionName
		INJECTED from src\main\AndroidManifest.xml
		INJECTED from src\main\AndroidManifest.xml
	xmlns:android
		ADDED from src\main\AndroidManifest.xml:2:11-69
	android:versionCode
		INJECTED from src\main\AndroidManifest.xml
		INJECTED from src\main\AndroidManifest.xml
uses-permission#android.permission.ACCESS_NETWORK_STATE
ADDED from src\main\AndroidManifest.xml:6:5-79
MERGED from [MobileInspection:PushSDK:unspecified] AndroidManifest.xml:12:5-79
	android:name
		ADDED from src\main\AndroidManifest.xml:6:22-76
uses-permission#android.permission.ACCESS_WIFI_STATE
ADDED from src\main\AndroidManifest.xml:7:5-76
MERGED from [MobileInspection:PushSDK:unspecified] AndroidManifest.xml:13:5-76
	android:name
		ADDED from src\main\AndroidManifest.xml:7:22-73
uses-permission#android.permission.ACCESS_COARSE_LOCATION
ADDED from src\main\AndroidManifest.xml:8:5-81
	android:name
		ADDED from src\main\AndroidManifest.xml:8:22-78
uses-permission#android.permission.ACCESS_FINE_LOCATION
ADDED from src\main\AndroidManifest.xml:9:5-79
	android:name
		ADDED from src\main\AndroidManifest.xml:9:22-76
uses-permission#android.permission.ACCESS_LOCATION_EXTRA_COMMANDS
ADDED from src\main\AndroidManifest.xml:10:5-89
	android:name
		ADDED from src\main\AndroidManifest.xml:10:22-86
uses-permission#android.permission.CAMERA
ADDED from src\main\AndroidManifest.xml:11:5-64
MERGED from [MobileInspection:twodimensioncodescanner:unspecified] AndroidManifest.xml:10:5-65
	android:name
		ADDED from src\main\AndroidManifest.xml:11:22-62
uses-permission#android.permission.CALL_PHONE
ADDED from src\main\AndroidManifest.xml:12:5-69
	android:name
		ADDED from src\main\AndroidManifest.xml:12:22-66
uses-permission#android.permission.CHANGE_WIFI_STATE
ADDED from src\main\AndroidManifest.xml:13:5-76
MERGED from [MobileInspection:PushSDK:unspecified] AndroidManifest.xml:25:5-76
	android:name
		ADDED from src\main\AndroidManifest.xml:13:22-73
uses-feature#android.hardware.camera
ADDED from src\main\AndroidManifest.xml:14:5-60
MERGED from [MobileInspection:twodimensioncodescanner:unspecified] AndroidManifest.xml:12:5-60
	android:name
		ADDED from src\main\AndroidManifest.xml:14:19-57
uses-feature#android.hardware.camera.autofocus
ADDED from src\main\AndroidManifest.xml:15:5-70
MERGED from [MobileInspection:twodimensioncodescanner:unspecified] AndroidManifest.xml:13:5-70
	android:name
		ADDED from src\main\AndroidManifest.xml:15:19-67
uses-permission#android.permission.FLASHLIGHT
ADDED from src\main\AndroidManifest.xml:16:5-68
	android:name
		ADDED from src\main\AndroidManifest.xml:16:22-66
uses-permission#android.permission.INTERNET
ADDED from src\main\AndroidManifest.xml:17:5-67
MERGED from [MobileInspection:PushSDK:unspecified] AndroidManifest.xml:11:5-67
	android:name
		ADDED from src\main\AndroidManifest.xml:17:22-64
uses-permission#android.permission.MOUNT_UNMOUNT_FILESYSTEMS
ADDED from src\main\AndroidManifest.xml:18:5-84
	android:name
		ADDED from src\main\AndroidManifest.xml:18:22-81
uses-permission#cn.bmob.permission.push
ADDED from src\main\AndroidManifest.xml:19:5-63
	android:name
		ADDED from src\main\AndroidManifest.xml:19:22-60
uses-permission#android.permission.READ_LOGS
ADDED from src\main\AndroidManifest.xml:20:5-68
	android:name
		ADDED from src\main\AndroidManifest.xml:20:22-65
uses-permission#android.permission.READ_PHONE_STATE
ADDED from src\main\AndroidManifest.xml:21:5-75
MERGED from [MobileInspection:PushSDK:unspecified] AndroidManifest.xml:16:5-75
	android:name
		ADDED from src\main\AndroidManifest.xml:21:22-72
uses-permission#android.permission.RECEIVE_USER_PRESENT
ADDED from src\main\AndroidManifest.xml:22:5-79
	android:name
		ADDED from src\main\AndroidManifest.xml:22:22-76
uses-permission#android.permission.RECEIVE_BOOT_COMPLETED
ADDED from src\main\AndroidManifest.xml:23:5-81
MERGED from [MobileInspection:PushSDK:unspecified] AndroidManifest.xml:23:5-81
	android:name
		ADDED from src\main\AndroidManifest.xml:23:22-78
uses-permission#android.permission.SEND_SMS
ADDED from src\main\AndroidManifest.xml:24:5-67
	android:name
		ADDED from src\main\AndroidManifest.xml:24:22-64
uses-permission#android.permission.VIBRATE
ADDED from src\main\AndroidManifest.xml:25:5-66
MERGED from [MobileInspection:twodimensioncodescanner:unspecified] AndroidManifest.xml:9:5-66
	android:name
		ADDED from src\main\AndroidManifest.xml:25:22-63
uses-permission#android.permission.WAKE_LOCK
ADDED from src\main\AndroidManifest.xml:26:5-68
MERGED from [MobileInspection:PushSDK:unspecified] AndroidManifest.xml:15:5-68
	android:name
		ADDED from src\main\AndroidManifest.xml:26:22-65
uses-permission#android.permission.DISABLE_KEYGUARD
ADDED from src\main\AndroidManifest.xml:27:5-74
	android:name
		ADDED from src\main\AndroidManifest.xml:27:22-72
uses-permission#android.permission.WRITE_EXTERNAL_STORAGE
ADDED from src\main\AndroidManifest.xml:28:5-81
MERGED from [MobileInspection:PushSDK:unspecified] AndroidManifest.xml:14:5-81
MERGED from [MobileInspection:multi-image-selector:unspecified] AndroidManifest.xml:12:5-81
	android:name
		ADDED from src\main\AndroidManifest.xml:28:22-78
uses-permission#android.permission.WRITE_SETTINGS
ADDED from src\main\AndroidManifest.xml:29:5-73
	android:name
		ADDED from src\main\AndroidManifest.xml:29:22-70
uses-permission#android.permission.REQUEST_IGNORE_BATTERY_OPTIMIZATIONS
ADDED from src\main\AndroidManifest.xml:30:5-111
	android:name
		ADDED from src\main\AndroidManifest.xml:30:22-92
uses-permission#com.android.launcher.permission.INSTALL_SHORTCUT
ADDED from src\main\AndroidManifest.xml:33:5-88
	android:name
		ADDED from src\main\AndroidManifest.xml:33:22-85
uses-permission#com.android.launcher.permission.UNINSTALL_SHORTCUT
ADDED from src\main\AndroidManifest.xml:34:5-90
	android:name
		ADDED from src\main\AndroidManifest.xml:34:22-87
uses-permission#com.huawei.android.launcher.permission.CHANGE_BADGE
ADDED from src\main\AndroidManifest.xml:37:5-90
	android:name
		ADDED from src\main\AndroidManifest.xml:37:22-88
uses-permission#com.android.launcher.permission.READ_SETTINGS
ADDED from src\main\AndroidManifest.xml:42:5-84
	android:name
		ADDED from src\main\AndroidManifest.xml:42:22-82
uses-permission#com.android.launcher.permission.WRITE_SETTINGS
ADDED from src\main\AndroidManifest.xml:43:5-85
	android:name
		ADDED from src\main\AndroidManifest.xml:43:22-83
uses-permission#com.android.launcher2.permission.READ_SETTINGS
ADDED from src\main\AndroidManifest.xml:45:5-85
	android:name
		ADDED from src\main\AndroidManifest.xml:45:22-83
uses-permission#com.android.launcher2.permission.WRITE_SETTINGS
ADDED from src\main\AndroidManifest.xml:46:5-86
	android:name
		ADDED from src\main\AndroidManifest.xml:46:22-84
uses-permission#com.android.launcher3.permission.READ_SETTINGS
ADDED from src\main\AndroidManifest.xml:48:5-85
	android:name
		ADDED from src\main\AndroidManifest.xml:48:22-83
uses-permission#com.android.launcher3.permission.WRITE_SETTINGS
ADDED from src\main\AndroidManifest.xml:49:5-86
	android:name
		ADDED from src\main\AndroidManifest.xml:49:22-84
uses-permission#org.adw.launcher.permission.READ_SETTINGS
ADDED from src\main\AndroidManifest.xml:51:5-80
	android:name
		ADDED from src\main\AndroidManifest.xml:51:22-78
uses-permission#org.adw.launcher.permission.WRITE_SETTINGS
ADDED from src\main\AndroidManifest.xml:52:5-81
	android:name
		ADDED from src\main\AndroidManifest.xml:52:22-79
uses-permission#com.htc.launcher.permission.READ_SETTINGS
ADDED from src\main\AndroidManifest.xml:53:5-80
	android:name
		ADDED from src\main\AndroidManifest.xml:53:22-78
uses-permission#com.htc.launcher.permission.WRITE_SETTINGS
ADDED from src\main\AndroidManifest.xml:54:5-81
	android:name
		ADDED from src\main\AndroidManifest.xml:54:22-79
uses-permission#com.qihoo360.launcher.permission.READ_SETTINGS
ADDED from src\main\AndroidManifest.xml:55:5-85
	android:name
		ADDED from src\main\AndroidManifest.xml:55:22-83
uses-permission#com.qihoo360.launcher.permission.WRITE_SETTINGS
ADDED from src\main\AndroidManifest.xml:56:5-86
	android:name
		ADDED from src\main\AndroidManifest.xml:56:22-84
uses-permission#com.lge.launcher.permission.READ_SETTINGS
ADDED from src\main\AndroidManifest.xml:57:5-80
	android:name
		ADDED from src\main\AndroidManifest.xml:57:22-78
uses-permission#com.lge.launcher.permission.WRITE_SETTINGS
ADDED from src\main\AndroidManifest.xml:58:5-81
	android:name
		ADDED from src\main\AndroidManifest.xml:58:22-79
uses-permission#net.qihoo.launcher.permission.READ_SETTINGS
ADDED from src\main\AndroidManifest.xml:59:5-82
	android:name
		ADDED from src\main\AndroidManifest.xml:59:22-80
uses-permission#net.qihoo.launcher.permission.WRITE_SETTINGS
ADDED from src\main\AndroidManifest.xml:60:5-83
	android:name
		ADDED from src\main\AndroidManifest.xml:60:22-81
uses-permission#org.adwfreak.launcher.permission.READ_SETTINGS
ADDED from src\main\AndroidManifest.xml:61:5-85
	android:name
		ADDED from src\main\AndroidManifest.xml:61:22-83
uses-permission#org.adwfreak.launcher.permission.WRITE_SETTINGS
ADDED from src\main\AndroidManifest.xml:62:5-86
	android:name
		ADDED from src\main\AndroidManifest.xml:62:22-84
uses-permission#org.adw.launcher_donut.permission.READ_SETTINGS
ADDED from src\main\AndroidManifest.xml:63:5-86
	android:name
		ADDED from src\main\AndroidManifest.xml:63:22-84
uses-permission#org.adw.launcher_donut.permission.WRITE_SETTINGS
ADDED from src\main\AndroidManifest.xml:64:5-87
	android:name
		ADDED from src\main\AndroidManifest.xml:64:22-85
uses-permission#com.fede.launcher.permission.READ_SETTINGS
ADDED from src\main\AndroidManifest.xml:65:5-81
	android:name
		ADDED from src\main\AndroidManifest.xml:65:22-79
uses-permission#com.fede.launcher.permission.WRITE_SETTINGS
ADDED from src\main\AndroidManifest.xml:66:5-82
	android:name
		ADDED from src\main\AndroidManifest.xml:66:22-80
uses-permission#com.sec.android.app.twlauncher.settings.READ_SETTINGS
ADDED from src\main\AndroidManifest.xml:67:5-92
	android:name
		ADDED from src\main\AndroidManifest.xml:67:22-90
uses-permission#com.sec.android.app.twlauncher.settings.WRITE_SETTINGS
ADDED from src\main\AndroidManifest.xml:68:5-93
	android:name
		ADDED from src\main\AndroidManifest.xml:68:22-91
uses-permission#com.anddoes.launcher.permission.READ_SETTINGS
ADDED from src\main\AndroidManifest.xml:69:5-84
	android:name
		ADDED from src\main\AndroidManifest.xml:69:22-82
uses-permission#com.anddoes.launcher.permission.WRITE_SETTINGS
ADDED from src\main\AndroidManifest.xml:70:5-85
	android:name
		ADDED from src\main\AndroidManifest.xml:70:22-83
uses-permission#com.tencent.qqlauncher.permission.READ_SETTINGS
ADDED from src\main\AndroidManifest.xml:71:5-86
	android:name
		ADDED from src\main\AndroidManifest.xml:71:22-84
uses-permission#com.tencent.qqlauncher.permission.WRITE_SETTINGS
ADDED from src\main\AndroidManifest.xml:72:5-87
	android:name
		ADDED from src\main\AndroidManifest.xml:72:22-85
uses-permission#com.android.mylauncher.permission.READ_SETTINGS
ADDED from src\main\AndroidManifest.xml:73:5-86
	android:name
		ADDED from src\main\AndroidManifest.xml:73:22-84
uses-permission#com.android.mylauncher.permission.WRITE_SETTINGS
ADDED from src\main\AndroidManifest.xml:74:5-87
	android:name
		ADDED from src\main\AndroidManifest.xml:74:22-85
uses-permission#com.ebproductions.android.launcher.permission.READ_SETTINGS
ADDED from src\main\AndroidManifest.xml:75:5-98
	android:name
		ADDED from src\main\AndroidManifest.xml:75:22-96
uses-permission#com.ebproductions.android.launcher.permission.WRITE_SETTINGS
ADDED from src\main\AndroidManifest.xml:76:5-99
	android:name
		ADDED from src\main\AndroidManifest.xml:76:22-97
uses-permission#com.oppo.launcher.permission.READ_SETTINGS
ADDED from src\main\AndroidManifest.xml:77:5-81
	android:name
		ADDED from src\main\AndroidManifest.xml:77:22-79
uses-permission#com.oppo.launcher.permission.WRITE_SETTINGS
ADDED from src\main\AndroidManifest.xml:78:5-82
	android:name
		ADDED from src\main\AndroidManifest.xml:78:22-80
uses-permission#com.miui.mihome2.permission.READ_SETTINGS
ADDED from src\main\AndroidManifest.xml:79:5-80
	android:name
		ADDED from src\main\AndroidManifest.xml:79:22-78
uses-permission#com.miui.mihome2.permission.WRITE_SETTINGS
ADDED from src\main\AndroidManifest.xml:80:5-81
	android:name
		ADDED from src\main\AndroidManifest.xml:80:22-79
uses-permission#telecom.mdesk.permission.READ_SETTINGS
ADDED from src\main\AndroidManifest.xml:81:5-77
	android:name
		ADDED from src\main\AndroidManifest.xml:81:22-75
uses-permission#telecom.mdesk.permission.WRITE_SETTINGS
ADDED from src\main\AndroidManifest.xml:82:5-78
	android:name
		ADDED from src\main\AndroidManifest.xml:82:22-76
uses-permission#dianxin.permission.ACCESS_LAUNCHER_DATA
ADDED from src\main\AndroidManifest.xml:83:5-78
	android:name
		ADDED from src\main\AndroidManifest.xml:83:22-76
application
ADDED from src\main\AndroidManifest.xml:86:5-673:19
MERGED from [MobileInspection:PushSDK:unspecified] AndroidManifest.xml:27:5-156:19
MERGED from [com.android.support:appcompat-v7:24.0.0] AndroidManifest.xml:25:5-20
MERGED from [com.android.support:support-v4:24.0.0] AndroidManifest.xml:25:5-20
MERGED from [com.android.support:support-vector-drawable:24.0.0] AndroidManifest.xml:23:5-20
MERGED from [com.android.support:support-v4:24.0.0] AndroidManifest.xml:25:5-20
MERGED from [com.android.support:animated-vector-drawable:24.0.0] AndroidManifest.xml:22:5-20
MERGED from [com.android.support:support-vector-drawable:24.0.0] AndroidManifest.xml:23:5-20
MERGED from [com.android.support:support-v4:24.0.0] AndroidManifest.xml:25:5-20
MERGED from [com.google.android.gms:play-services-appindexing:8.1.0] AndroidManifest.xml:19:5-20
MERGED from [com.google.android.gms:play-services-basement:8.1.0] AndroidManifest.xml:20:5-24:19
MERGED from [com.android.support:support-v4:24.0.0] AndroidManifest.xml:25:5-20
MERGED from [MobileInspection:multi-image-selector:unspecified] AndroidManifest.xml:14:5-18:19
MERGED from [com.android.support:appcompat-v7:24.0.0] AndroidManifest.xml:25:5-20
MERGED from [com.android.support:support-v4:24.0.0] AndroidManifest.xml:25:5-20
MERGED from [com.android.support:support-vector-drawable:24.0.0] AndroidManifest.xml:23:5-20
MERGED from [com.android.support:support-v4:24.0.0] AndroidManifest.xml:25:5-20
MERGED from [com.android.support:animated-vector-drawable:24.0.0] AndroidManifest.xml:22:5-20
MERGED from [com.android.support:support-vector-drawable:24.0.0] AndroidManifest.xml:23:5-20
MERGED from [com.android.support:support-v4:24.0.0] AndroidManifest.xml:25:5-20
MERGED from [MobileInspection:twodimensioncodescanner:unspecified] AndroidManifest.xml:15:5-27:19
MERGED from [com.android.support:support-v4:24.0.0] AndroidManifest.xml:25:5-20
	android:label
		ADDED from src\main\AndroidManifest.xml:89:9-41
	android:allowBackup
		ADDED from src\main\AndroidManifest.xml:87:9-35
	android:icon
		ADDED from src\main\AndroidManifest.xml:88:9-45
	android:theme
		ADDED from src\main\AndroidManifest.xml:90:9-42
	android:name
		ADDED from src\main\AndroidManifest.xml:91:9-76
activity#com.tianjin.MobileInspection.main.WelcomeActivity
ADDED from src\main\AndroidManifest.xml:93:9-101:20
	android:label
		ADDED from src\main\AndroidManifest.xml:96:13-45
	android:configChanges
		ADDED from src\main\AndroidManifest.xml:95:13-63
	android:name
		ADDED from src\main\AndroidManifest.xml:94:13-77
intent-filter#android.intent.action.MAIN+android.intent.category.LAUNCHER
ADDED from src\main\AndroidManifest.xml:97:13-100:29
action#android.intent.action.MAIN
ADDED from src\main\AndroidManifest.xml:98:17-69
	android:name
		ADDED from src\main\AndroidManifest.xml:98:25-66
category#android.intent.category.LAUNCHER
ADDED from src\main\AndroidManifest.xml:99:17-77
	android:name
		ADDED from src\main\AndroidManifest.xml:99:27-74
activity#com.tianjin.MobileInspection.main.LoginActivity
ADDED from src\main\AndroidManifest.xml:103:9-110:20
	android:launchMode
		ADDED from src\main\AndroidManifest.xml:105:13-44
	android:configChanges
		ADDED from src\main\AndroidManifest.xml:104:13-63
	android:name
		ADDED from src\main\AndroidManifest.xml:103:19-81
intent-filter#android.intent.action.LOGINACTIVITY+android.intent.category.DEFAULT
ADDED from src\main\AndroidManifest.xml:106:13-109:29
action#android.intent.action.LOGINACTIVITY
ADDED from src\main\AndroidManifest.xml:107:17-78
	android:name
		ADDED from src\main\AndroidManifest.xml:107:25-75
category#android.intent.category.DEFAULT
ADDED from src\main\AndroidManifest.xml:108:17-76
	android:name
		ADDED from src\main\AndroidManifest.xml:108:27-73
activity#com.tianjin.MobileInspection.activity.actor.MainActivity
ADDED from src\main\AndroidManifest.xml:112:9-120:20
	android:launchMode
		ADDED from src\main\AndroidManifest.xml:115:13-44
	android:configChanges
		ADDED from src\main\AndroidManifest.xml:114:13-63
	android:name
		ADDED from src\main\AndroidManifest.xml:113:13-56
intent-filter#android.intent.action.INDEXACTIVITY+android.intent.category.DEFAULT
ADDED from src\main\AndroidManifest.xml:116:13-119:29
action#android.intent.action.INDEXACTIVITY
ADDED from src\main\AndroidManifest.xml:117:17-78
	android:name
		ADDED from src\main\AndroidManifest.xml:117:25-75
activity#com.tianjin.MobileInspection.activity.contract.ContractManageActivity
ADDED from src\main\AndroidManifest.xml:122:9-128:20
	android:configChanges
		ADDED from src\main\AndroidManifest.xml:123:13-63
	android:name
		ADDED from src\main\AndroidManifest.xml:122:19-75
intent-filter#android.intent.action.CONTRACTMANAGEACTIVITY+android.intent.category.DEFAULT
ADDED from src\main\AndroidManifest.xml:124:13-127:29
action#android.intent.action.CONTRACTMANAGEACTIVITY
ADDED from src\main\AndroidManifest.xml:125:17-87
	android:name
		ADDED from src\main\AndroidManifest.xml:125:25-84
activity#com.tianjin.MobileInspection.activity.plan.PlanManageActivity
ADDED from src\main\AndroidManifest.xml:130:9-136:20
	android:configChanges
		ADDED from src\main\AndroidManifest.xml:131:13-63
	android:name
		ADDED from src\main\AndroidManifest.xml:130:19-67
intent-filter#android.intent.action.PLANMANAGEACTIVITY+android.intent.category.DEFAULT
ADDED from src\main\AndroidManifest.xml:132:13-135:29
action#android.intent.action.PLANMANAGEACTIVITY
ADDED from src\main\AndroidManifest.xml:133:17-83
	android:name
		ADDED from src\main\AndroidManifest.xml:133:25-80
activity#com.tianjin.MobileInspection.activity.inspection.InspectionListActivity
ADDED from src\main\AndroidManifest.xml:138:9-144:20
	android:configChanges
		ADDED from src\main\AndroidManifest.xml:139:13-63
	android:name
		ADDED from src\main\AndroidManifest.xml:138:19-77
intent-filter#android.intent.action.INSPECTIONLISTACTIVITY+android.intent.category.DEFAULT
ADDED from src\main\AndroidManifest.xml:140:13-143:29
action#android.intent.action.INSPECTIONLISTACTIVITY
ADDED from src\main\AndroidManifest.xml:141:17-87
	android:name
		ADDED from src\main\AndroidManifest.xml:141:25-84
activity#com.tianjin.MobileInspection.activity.inspection.InspectionChooseActivity
ADDED from src\main\AndroidManifest.xml:146:9-153:20
	android:configChanges
		ADDED from src\main\AndroidManifest.xml:147:13-63
	android:name
		ADDED from src\main\AndroidManifest.xml:146:19-79
intent-filter#android.intent.action.INSPECTIONCHOOSEACTIVITY+android.intent.category.DEFAULT
ADDED from src\main\AndroidManifest.xml:148:13-151:29
action#android.intent.action.INSPECTIONCHOOSEACTIVITY
ADDED from src\main\AndroidManifest.xml:149:17-89
	android:name
		ADDED from src\main\AndroidManifest.xml:149:25-86
activity#com.tianjin.MobileInspection.activity.map.LoactionTrackActivity
ADDED from src\main\AndroidManifest.xml:155:9-162:20
	android:configChanges
		ADDED from src\main\AndroidManifest.xml:156:13-63
	android:name
		ADDED from src\main\AndroidManifest.xml:155:19-69
intent-filter#android.intent.action.LOACTIONTRACKACTIVITY+android.intent.category.DEFAULT
ADDED from src\main\AndroidManifest.xml:157:13-160:29
action#android.intent.action.LOACTIONTRACKACTIVITY
ADDED from src\main\AndroidManifest.xml:158:17-86
	android:name
		ADDED from src\main\AndroidManifest.xml:158:25-83
activity#com.tianjin.MobileInspection.activity.contact.ContactActivity
ADDED from src\main\AndroidManifest.xml:164:9-170:20
	android:configChanges
		ADDED from src\main\AndroidManifest.xml:165:13-63
	android:name
		ADDED from src\main\AndroidManifest.xml:164:19-67
intent-filter#android.intent.action.CONTACTACTIVITY+android.intent.category.DEFAULT
ADDED from src\main\AndroidManifest.xml:166:13-169:29
action#android.intent.action.CONTACTACTIVITY
ADDED from src\main\AndroidManifest.xml:167:17-80
	android:name
		ADDED from src\main\AndroidManifest.xml:167:25-77
activity#com.tianjin.MobileInspection.activity.contact.ContactDetailActivity
ADDED from src\main\AndroidManifest.xml:172:9-178:20
	android:configChanges
		ADDED from src\main\AndroidManifest.xml:173:13-63
	android:name
		ADDED from src\main\AndroidManifest.xml:172:19-73
intent-filter#android.intent.action.CONTACTDETAILACTIVITY+android.intent.category.DEFAULT
ADDED from src\main\AndroidManifest.xml:174:13-177:29
action#android.intent.action.CONTACTDETAILACTIVITY
ADDED from src\main\AndroidManifest.xml:175:17-86
	android:name
		ADDED from src\main\AndroidManifest.xml:175:25-83
activity#com.tianjin.MobileInspection.activity.userinfo.UserInfoActivity
ADDED from src\main\AndroidManifest.xml:180:9-186:20
	android:configChanges
		ADDED from src\main\AndroidManifest.xml:181:13-63
	android:name
		ADDED from src\main\AndroidManifest.xml:180:19-69
intent-filter#android.intent.action.USERINFOACTOVOTY+android.intent.category.DEFAULT
ADDED from src\main\AndroidManifest.xml:182:13-185:29
action#android.intent.action.USERINFOACTOVOTY
ADDED from src\main\AndroidManifest.xml:183:17-81
	android:name
		ADDED from src\main\AndroidManifest.xml:183:25-78
activity#com.tianjin.MobileInspection.activity.userinfo.UserInfoEditActivity
ADDED from src\main\AndroidManifest.xml:188:9-194:20
	android:configChanges
		ADDED from src\main\AndroidManifest.xml:189:13-63
	android:name
		ADDED from src\main\AndroidManifest.xml:188:19-73
intent-filter#android.intent.action.USERINFOEDITACTIVITY+android.intent.category.DEFAULT
ADDED from src\main\AndroidManifest.xml:190:13-193:29
action#android.intent.action.USERINFOEDITACTIVITY
ADDED from src\main\AndroidManifest.xml:191:17-85
	android:name
		ADDED from src\main\AndroidManifest.xml:191:25-82
activity#com.tianjin.MobileInspection.activity.contact.ContactChoiceActivity
ADDED from src\main\AndroidManifest.xml:196:9-202:20
	android:configChanges
		ADDED from src\main\AndroidManifest.xml:197:13-63
	android:name
		ADDED from src\main\AndroidManifest.xml:196:19-73
intent-filter#android.intent.action.CONTACTCHOICEACTIVITY+android.intent.category.DEFAULT
ADDED from src\main\AndroidManifest.xml:198:13-201:29
action#android.intent.action.CONTACTCHOICEACTIVITY
ADDED from src\main\AndroidManifest.xml:199:17-86
	android:name
		ADDED from src\main\AndroidManifest.xml:199:25-83
activity#com.tianjin.MobileInspection.activity.contract.ContractManageDetailActivity
ADDED from src\main\AndroidManifest.xml:204:9-210:20
	android:configChanges
		ADDED from src\main\AndroidManifest.xml:205:13-63
	android:name
		ADDED from src\main\AndroidManifest.xml:204:19-81
intent-filter#android.intent.action.CONTRACTMANAGEDETAILACTIVITY+android.intent.category.DEFAULT
ADDED from src\main\AndroidManifest.xml:206:13-209:29
action#android.intent.action.CONTRACTMANAGEDETAILACTIVITY
ADDED from src\main\AndroidManifest.xml:207:17-93
	android:name
		ADDED from src\main\AndroidManifest.xml:207:25-90
activity#com.tianjin.MobileInspection.activity.inspection.NewInspectionPlanActivity
ADDED from src\main\AndroidManifest.xml:212:9-218:20
	android:configChanges
		ADDED from src\main\AndroidManifest.xml:213:13-63
	android:name
		ADDED from src\main\AndroidManifest.xml:212:19-80
intent-filter#android.intent.action.NEWINSPECTIONPLANACTIVITY+android.intent.category.DEFAULT
ADDED from src\main\AndroidManifest.xml:214:13-217:29
action#android.intent.action.NEWINSPECTIONPLANACTIVITY
ADDED from src\main\AndroidManifest.xml:215:17-90
	android:name
		ADDED from src\main\AndroidManifest.xml:215:25-87
activity#com.tianjin.MobileInspection.activity.inspection.NewInspectionActivity
ADDED from src\main\AndroidManifest.xml:220:9-227:20
	android:windowSoftInputMode
		ADDED from src\main\AndroidManifest.xml:222:13-67
	android:configChanges
		ADDED from src\main\AndroidManifest.xml:221:13-63
	android:name
		ADDED from src\main\AndroidManifest.xml:220:19-76
intent-filter#android.intent.action.NEWINSPECTIONACTIVITY+android.intent.category.DEFAULT
ADDED from src\main\AndroidManifest.xml:223:13-226:29
action#android.intent.action.NEWINSPECTIONACTIVITY
ADDED from src\main\AndroidManifest.xml:224:17-86
	android:name
		ADDED from src\main\AndroidManifest.xml:224:25-83
activity#com.tianjin.MobileInspection.activity.inspection.NewInspectionChoseActivity
ADDED from src\main\AndroidManifest.xml:229:9-235:20
	android:configChanges
		ADDED from src\main\AndroidManifest.xml:230:13-63
	android:name
		ADDED from src\main\AndroidManifest.xml:229:19-81
intent-filter#android.intent.action.NEWINSPECTIONCHOSEACTIVITY+android.intent.category.DEFAULT
ADDED from src\main\AndroidManifest.xml:231:13-234:29
action#android.intent.action.NEWINSPECTIONCHOSEACTIVITY
ADDED from src\main\AndroidManifest.xml:232:17-91
	android:name
		ADDED from src\main\AndroidManifest.xml:232:25-88
activity#com.tianjin.MobileInspection.activity.inspection.InspectionDetailActivity
ADDED from src\main\AndroidManifest.xml:237:9-243:20
	android:configChanges
		ADDED from src\main\AndroidManifest.xml:238:13-63
	android:name
		ADDED from src\main\AndroidManifest.xml:237:19-79
intent-filter#android.intent.action.INSPECTIONDETAIL+android.intent.category.DEFAULT
ADDED from src\main\AndroidManifest.xml:239:13-242:29
action#android.intent.action.INSPECTIONDETAIL
ADDED from src\main\AndroidManifest.xml:240:17-81
	android:name
		ADDED from src\main\AndroidManifest.xml:240:25-78
activity#com.tianjin.MobileInspection.activity.hiddentrouble.NewHiddenTroubleActivity
ADDED from src\main\AndroidManifest.xml:245:9-251:20
	android:configChanges
		ADDED from src\main\AndroidManifest.xml:246:13-63
	android:name
		ADDED from src\main\AndroidManifest.xml:245:19-82
intent-filter#android.intent.action.NEWHIDDENTROUBLEACTIVITY+android.intent.category.DEFAULT
ADDED from src\main\AndroidManifest.xml:247:13-250:29
action#android.intent.action.NEWHIDDENTROUBLEACTIVITY
ADDED from src\main\AndroidManifest.xml:248:17-89
	android:name
		ADDED from src\main\AndroidManifest.xml:248:25-86
activity#com.tianjin.MobileInspection.activity.actor.ShowChosedActivity
ADDED from src\main\AndroidManifest.xml:253:9-259:20
	android:configChanges
		ADDED from src\main\AndroidManifest.xml:254:13-63
	android:name
		ADDED from src\main\AndroidManifest.xml:253:19-68
intent-filter#android.intent.action.SHOWCHOSEDACTIVITY+android.intent.category.DEFAULT
ADDED from src\main\AndroidManifest.xml:255:13-258:29
action#android.intent.action.SHOWCHOSEDACTIVITY
ADDED from src\main\AndroidManifest.xml:256:17-83
	android:name
		ADDED from src\main\AndroidManifest.xml:256:25-80
activity#com.tianjin.MobileInspection.activity.actor.ChoseLocationActivity
ADDED from src\main\AndroidManifest.xml:261:9-267:20
	android:configChanges
		ADDED from src\main\AndroidManifest.xml:262:13-63
	android:name
		ADDED from src\main\AndroidManifest.xml:261:19-71
intent-filter#android.intent.action.CHOSELOCATIONACTIVITY+android.intent.category.DEFAULT
ADDED from src\main\AndroidManifest.xml:263:13-266:29
action#android.intent.action.CHOSELOCATIONACTIVITY
ADDED from src\main\AndroidManifest.xml:264:17-86
	android:name
		ADDED from src\main\AndroidManifest.xml:264:25-83
activity#com.tianjin.MobileInspection.activity.actor.ChoseHiddenTypeActivity
ADDED from src\main\AndroidManifest.xml:269:9-275:20
	android:configChanges
		ADDED from src\main\AndroidManifest.xml:270:13-63
	android:name
		ADDED from src\main\AndroidManifest.xml:269:19-73
intent-filter#android.intent.action.CHOSEHIDDENTYPEACTIVITY+android.intent.category.DEFAULT
ADDED from src\main\AndroidManifest.xml:271:13-274:29
action#android.intent.action.CHOSEHIDDENTYPEACTIVITY
ADDED from src\main\AndroidManifest.xml:272:17-88
	android:name
		ADDED from src\main\AndroidManifest.xml:272:25-85
activity#com.tianjin.MobileInspection.activity.todo_task.TodoActivity
ADDED from src\main\AndroidManifest.xml:277:9-284:20
	android:launchMode
		ADDED from src\main\AndroidManifest.xml:279:13-44
	android:configChanges
		ADDED from src\main\AndroidManifest.xml:278:13-63
	android:name
		ADDED from src\main\AndroidManifest.xml:277:19-66
intent-filter#android.intent.action.TODOACTIVITY+android.intent.category.DEFAULT
ADDED from src\main\AndroidManifest.xml:280:13-283:29
action#android.intent.action.TODOACTIVITY
ADDED from src\main\AndroidManifest.xml:281:17-77
	android:name
		ADDED from src\main\AndroidManifest.xml:281:25-74
activity#com.tianjin.MobileInspection.activity.maintenance_task.DeailyListActivity
ADDED from src\main\AndroidManifest.xml:286:9-293:20
	android:launchMode
		ADDED from src\main\AndroidManifest.xml:288:13-44
	android:configChanges
		ADDED from src\main\AndroidManifest.xml:287:13-63
	android:name
		ADDED from src\main\AndroidManifest.xml:286:19-79
intent-filter#android.intent.action.DEAILYLISTACTIVITY+android.intent.category.DEFAULT
ADDED from src\main\AndroidManifest.xml:289:13-292:29
action#android.intent.action.DEAILYLISTACTIVITY
ADDED from src\main\AndroidManifest.xml:290:17-83
	android:name
		ADDED from src\main\AndroidManifest.xml:290:25-80